TN:
SF:config/passport.js
FN:9,(anonymous_0)
FN:14,(anonymous_1)
FN:60,(anonymous_2)
FN:66,(anonymous_3)
FNF:4
FNH:4
FNDA:11,(anonymous_0)
FNDA:5,(anonymous_1)
FNDA:1,(anonymous_2)
FNDA:4,(anonymous_3)
DA:5,1
DA:6,1
DA:7,1
DA:9,1
DA:11,11
DA:15,5
DA:16,5
DA:19,5
DA:20,4
DA:23,4
DA:24,1
DA:25,1
DA:29,3
DA:30,1
DA:31,1
DA:35,2
DA:36,2
DA:37,2
DA:39,2
DA:41,1
DA:42,1
DA:44,1
DA:45,1
DA:46,1
DA:48,1
DA:49,1
DA:52,1
DA:53,1
DA:60,11
DA:61,1
DA:62,1
DA:66,11
DA:67,4
DA:68,4
DA:69,4
DA:70,3
DA:72,3
DA:73,1
DA:74,1
DA:77,2
DA:78,1
DA:79,1
DA:83,1
DA:84,1
DA:85,1
DA:87,1
DA:88,1
LF:47
LH:47
BRDA:20,0,0,3
BRDA:20,0,1,1
BRDA:23,1,0,1
BRDA:23,1,1,3
BRDA:29,2,0,1
BRDA:29,2,1,2
BRDA:37,3,0,1
BRDA:37,3,1,1
BRDA:39,4,0,1
BRDA:39,4,1,1
BRDA:70,5,0,2
BRDA:70,5,1,1
BRDA:72,6,0,1
BRDA:72,6,1,2
BRDA:77,7,0,1
BRDA:77,7,1,1
BRF:16
BRH:16
end_of_record
TN:
SF:config/prisma.js
FN:14,(anonymous_0)
FN:17,(anonymous_1)
FN:22,(anonymous_2)
FNF:3
FNH:0
FNDA:0,(anonymous_0)
FNDA:0,(anonymous_1)
FNDA:0,(anonymous_2)
DA:5,1
DA:7,1
DA:13,1
DA:15,0
DA:18,0
DA:22,1
DA:23,0
DA:24,0
DA:25,0
DA:26,0
DA:28,0
DA:30,0
DA:33,1
LF:13
LH:5
BRF:0
BRH:0
end_of_record
TN:
SF:middleware/auth.js
FN:11,(anonymous_0)
FN:23,(anonymous_1)
FN:43,(anonymous_2)
FN:51,(anonymous_3)
FN:52,(anonymous_4)
FNF:5
FNH:0
FNDA:0,(anonymous_0)
FNDA:0,(anonymous_1)
FNDA:0,(anonymous_2)
FNDA:0,(anonymous_3)
FNDA:0,(anonymous_4)
DA:11,1
DA:12,0
DA:13,0
DA:17,0
DA:18,0
DA:19,0
DA:23,1
DA:24,0
DA:25,0
DA:29,0
DA:30,0
DA:37,0
DA:38,0
DA:39,0
DA:43,1
DA:44,0
DA:45,0
DA:47,0
DA:51,1
DA:52,0
DA:54,0
DA:55,0
DA:56,0
DA:57,0
DA:61,0
DA:62,0
DA:69,0
DA:73,1
LF:28
LH:5
BRDA:12,0,0,0
BRDA:12,0,1,0
BRDA:24,1,0,0
BRDA:24,1,1,0
BRDA:24,2,0,0
BRDA:24,2,1,0
BRDA:29,3,0,0
BRDA:29,3,1,0
BRDA:44,4,0,0
BRDA:44,4,1,0
BRDA:54,5,0,0
BRDA:54,5,1,0
BRDA:61,6,0,0
BRDA:61,6,1,0
BRDA:61,7,0,0
BRDA:61,7,1,0
BRF:16
BRH:0
end_of_record
TN:
SF:models/Bcr.js
FN:81,(anonymous_0)
FNF:1
FNH:1
FNDA:1,(anonymous_0)
DA:5,1
DA:6,1
DA:7,1
DA:9,1
DA:77,1
DA:78,1
DA:81,1
DA:82,1
DA:85,1
LF:9
LH:9
BRDA:82,0,0,1
BRDA:82,0,1,1
BRF:2
BRH:2
end_of_record
TN:
SF:models/Funding.js
FNF:0
FNH:0
DA:5,1
DA:6,1
DA:7,1
DA:9,1
DA:79,1
DA:80,1
DA:82,1
LF:7
LH:7
BRF:0
BRH:0
end_of_record
TN:
SF:models/ReferenceData.js
FNF:0
FNH:0
DA:5,1
DA:6,1
DA:7,1
DA:9,1
DA:77,1
DA:78,1
DA:80,1
LF:7
LH:7
BRF:0
BRH:0
end_of_record
TN:
SF:models/ReleaseNote.js
FNF:0
FNH:0
DA:5,1
DA:6,1
DA:7,1
DA:9,1
DA:79,1
DA:80,1
DA:82,1
LF:7
LH:7
BRF:0
BRH:0
end_of_record
TN:
SF:models/User.js
FN:50,(anonymous_0)
FN:56,(anonymous_1)
FN:66,(anonymous_2)
FN:71,(anonymous_3)
FNF:4
FNH:4
FNDA:2,(anonymous_0)
FNDA:2,(anonymous_1)
FNDA:4,(anonymous_2)
FNDA:1,(anonymous_3)
DA:5,3
DA:6,3
DA:7,3
DA:9,3
DA:51,2
DA:52,1
DA:53,1
DA:57,2
DA:58,1
DA:59,1
DA:66,3
DA:67,4
DA:71,3
DA:72,1
DA:75,3
LF:15
LH:15
BRDA:51,0,0,1
BRDA:51,0,1,1
BRDA:57,1,0,1
BRDA:57,1,1,1
BRF:4
BRH:4
end_of_record
TN:
SF:routes/access/index.js
FN:12,(anonymous_0)
FN:30,(anonymous_1)
FN:32,(anonymous_2)
FN:36,(anonymous_3)
FN:52,(anonymous_4)
FN:56,(anonymous_5)
FN:77,(anonymous_6)
FN:85,(anonymous_7)
FN:126,(anonymous_8)
FN:143,(anonymous_9)
FN:160,(anonymous_10)
FN:185,(anonymous_11)
FN:217,(anonymous_12)
FN:232,(anonymous_13)
FN:247,(anonymous_14)
FN:263,(anonymous_15)
FN:278,(anonymous_16)
FN:293,(anonymous_17)
FN:309,(anonymous_18)
FN:326,(anonymous_19)
FN:342,(anonymous_20)
FN:359,(anonymous_21)
FN:381,(anonymous_22)
FN:398,(anonymous_23)
FN:414,(anonymous_24)
FNF:25
FNH:0
FNDA:0,(anonymous_0)
FNDA:0,(anonymous_1)
FNDA:0,(anonymous_2)
FNDA:0,(anonymous_3)
FNDA:0,(anonymous_4)
FNDA:0,(anonymous_5)
FNDA:0,(anonymous_6)
FNDA:0,(anonymous_7)
FNDA:0,(anonymous_8)
FNDA:0,(anonymous_9)
FNDA:0,(anonymous_10)
FNDA:0,(anonymous_11)
FNDA:0,(anonymous_12)
FNDA:0,(anonymous_13)
FNDA:0,(anonymous_14)
FNDA:0,(anonymous_15)
FNDA:0,(anonymous_16)
FNDA:0,(anonymous_17)
FNDA:0,(anonymous_18)
FNDA:0,(anonymous_19)
FNDA:0,(anonymous_20)
FNDA:0,(anonymous_21)
FNDA:0,(anonymous_22)
FNDA:0,(anonymous_23)
FNDA:0,(anonymous_24)
DA:5,1
DA:6,1
DA:7,1
DA:8,1
DA:9,1
DA:12,1
DA:13,0
DA:21,1
DA:30,1
DA:32,0
DA:33,0
DA:36,0
DA:37,0
DA:40,0
DA:44,0
DA:52,1
DA:53,0
DA:54,0
DA:55,0
DA:56,0
DA:58,0
DA:59,0
DA:62,0
DA:69,0
DA:70,0
DA:71,0
DA:72,0
DA:77,1
DA:78,0
DA:85,1
DA:86,0
DA:87,0
DA:90,0
DA:92,0
DA:93,0
DA:96,0
DA:97,0
DA:100,0
DA:101,0
DA:104,0
DA:105,0
DA:106,0
DA:110,0
DA:117,0
DA:118,0
DA:120,0
DA:121,0
DA:126,1
DA:127,0
DA:128,0
DA:129,0
DA:134,0
DA:135,0
DA:136,0
DA:140,0
DA:143,0
DA:145,0
DA:153,0
DA:154,0
DA:155,0
DA:160,1
DA:161,0
DA:162,0
DA:163,0
DA:165,0
DA:166,0
DA:167,0
DA:171,0
DA:173,0
DA:179,0
DA:180,0
DA:185,1
DA:186,0
DA:187,0
DA:188,0
DA:191,0
DA:193,0
DA:194,0
DA:195,0
DA:197,0
DA:198,0
DA:206,0
DA:208,0
DA:209,0
DA:211,0
DA:212,0
DA:217,1
DA:218,0
DA:219,0
DA:220,0
DA:222,0
DA:223,0
DA:224,0
DA:228,0
DA:231,0
DA:232,0
DA:234,0
DA:241,0
DA:242,0
DA:247,1
DA:248,0
DA:249,0
DA:252,0
DA:254,0
DA:255,0
DA:257,0
DA:258,0
DA:263,1
DA:264,0
DA:265,0
DA:266,0
DA:268,0
DA:269,0
DA:270,0
DA:274,0
DA:277,0
DA:278,0
DA:280,0
DA:287,0
DA:288,0
DA:293,1
DA:294,0
DA:295,0
DA:298,0
DA:300,0
DA:301,0
DA:303,0
DA:304,0
DA:309,1
DA:310,0
DA:311,0
DA:312,0
DA:317,0
DA:318,0
DA:319,0
DA:323,0
DA:326,0
DA:328,0
DA:335,0
DA:336,0
DA:337,0
DA:342,1
DA:343,0
DA:344,0
DA:345,0
DA:348,0
DA:350,0
DA:351,0
DA:352,0
DA:353,0
DA:355,0
DA:357,0
DA:358,0
DA:359,0
DA:361,0
DA:370,0
DA:372,0
DA:373,0
DA:375,0
DA:376,0
DA:381,1
DA:382,0
DA:383,0
DA:384,0
DA:389,0
DA:390,0
DA:391,0
DA:395,0
DA:398,0
DA:400,0
DA:407,0
DA:408,0
DA:409,0
DA:414,1
DA:415,0
DA:416,0
DA:417,0
DA:419,0
DA:420,0
DA:421,0
DA:425,0
DA:427,0
DA:428,0
DA:430,0
DA:431,0
DA:435,1
LF:186
LH:23
BRDA:33,0,0,0
BRDA:33,0,1,0
BRDA:37,1,0,0
BRDA:37,1,1,0
BRDA:92,2,0,0
BRDA:92,2,1,0
BRDA:92,3,0,0
BRDA:92,3,1,0
BRDA:92,3,2,0
BRDA:96,4,0,0
BRDA:96,4,1,0
BRDA:100,5,0,0
BRDA:100,5,1,0
BRDA:100,6,0,0
BRDA:100,6,1,0
BRDA:104,7,0,0
BRDA:104,7,1,0
BRDA:113,8,0,0
BRDA:113,8,1,0
BRDA:114,9,0,0
BRDA:114,9,1,0
BRDA:134,10,0,0
BRDA:134,10,1,0
BRDA:165,11,0,0
BRDA:165,11,1,0
BRDA:193,12,0,0
BRDA:193,12,1,0
BRDA:194,13,0,0
BRDA:194,13,1,0
BRDA:195,14,0,0
BRDA:195,14,1,0
BRDA:197,15,0,0
BRDA:197,15,1,0
BRDA:222,16,0,0
BRDA:222,16,1,0
BRDA:268,17,0,0
BRDA:268,17,1,0
BRDA:317,18,0,0
BRDA:317,18,1,0
BRDA:350,19,0,0
BRDA:350,19,1,0
BRDA:351,20,0,0
BRDA:351,20,1,0
BRDA:351,21,0,0
BRDA:351,21,1,0
BRDA:352,22,0,0
BRDA:352,22,1,0
BRDA:353,23,0,0
BRDA:353,23,1,0
BRDA:355,24,0,0
BRDA:355,24,1,0
BRDA:389,25,0,0
BRDA:389,25,1,0
BRDA:419,26,0,0
BRDA:419,26,1,0
BRF:55
BRH:0
end_of_record
TN:
SF:routes/api/bcr.js
FN:13,(anonymous_0)
FN:38,(anonymous_1)
FN:68,(anonymous_2)
FN:87,(anonymous_3)
FNF:4
FNH:4
FNDA:2,(anonymous_0)
FNDA:2,(anonymous_1)
FNDA:2,(anonymous_2)
FNDA:2,(anonymous_3)
DA:4,1
DA:5,1
DA:6,1
DA:7,1
DA:13,1
DA:14,2
DA:15,2
DA:18,2
DA:19,0
DA:22,2
DA:23,0
DA:26,2
DA:27,2
DA:29,0
DA:30,0
DA:38,1
DA:39,2
DA:40,2
DA:43,2
DA:44,0
DA:48,2
DA:57,2
DA:59,0
DA:60,0
DA:68,1
DA:69,2
DA:70,2
DA:72,2
DA:73,0
DA:76,2
DA:78,0
DA:79,0
DA:87,1
DA:88,2
DA:89,2
DA:91,2
DA:92,0
DA:96,2
DA:97,2
DA:98,0
DA:102,2
DA:104,2
DA:105,0
DA:109,2
DA:119,2
DA:121,2
DA:123,0
DA:124,0
DA:129,1
DA:132,1
DA:133,1
DA:134,1
DA:135,1
DA:137,1
LF:54
LH:39
BRDA:18,0,0,0
BRDA:18,0,1,2
BRDA:22,1,0,0
BRDA:22,1,1,2
BRDA:43,2,0,0
BRDA:43,2,1,2
BRDA:43,3,0,2
BRDA:43,3,1,2
BRDA:43,3,2,2
BRDA:72,4,0,0
BRDA:72,4,1,2
BRDA:91,5,0,0
BRDA:91,5,1,2
BRDA:97,6,0,0
BRDA:97,6,1,2
BRDA:104,7,0,0
BRDA:104,7,1,2
BRDA:112,8,0,2
BRDA:112,8,1,0
BRF:19
BRH:11
end_of_record
TN:
SF:routes/api/funding.js
FN:15,(anonymous_0)
FN:40,(anonymous_1)
FNF:2
FNH:2
FNDA:4,(anonymous_0)
FNDA:2,(anonymous_1)
DA:4,1
DA:5,1
DA:6,1
DA:7,1
DA:15,1
DA:16,4
DA:19,4
DA:20,4
DA:21,2
DA:23,4
DA:24,0
DA:27,4
DA:29,4
DA:31,0
DA:32,0
DA:40,1
DA:41,2
DA:44,2
DA:45,2
DA:46,0
DA:48,2
DA:49,0
DA:52,2
DA:54,2
DA:56,0
DA:57,0
DA:62,1
DA:65,1
DA:66,1
DA:68,1
LF:30
LH:23
BRDA:20,0,0,2
BRDA:20,0,1,2
BRDA:23,1,0,0
BRDA:23,1,1,4
BRDA:45,2,0,0
BRDA:45,2,1,2
BRDA:48,3,0,0
BRDA:48,3,1,2
BRF:8
BRH:5
end_of_record
TN:
SF:routes/api/health.js
FN:12,(anonymous_0)
FNF:1
FNH:1
FNDA:2,(anonymous_0)
DA:4,1
DA:5,1
DA:6,1
DA:12,1
DA:13,2
DA:21,1
DA:24,1
LF:7
LH:7
BRF:0
BRH:0
end_of_record
TN:
SF:routes/api/items.js
FN:13,(anonymous_0)
FN:27,(anonymous_1)
FN:44,(anonymous_2)
FNF:3
FNH:3
FNDA:2,(anonymous_0)
FNDA:4,(anonymous_1)
FNDA:2,(anonymous_2)
DA:4,1
DA:5,1
DA:6,1
DA:7,1
DA:13,1
DA:14,2
DA:15,2
DA:16,2
DA:18,0
DA:19,0
DA:27,1
DA:28,4
DA:29,4
DA:30,4
DA:31,2
DA:33,2
DA:35,0
DA:36,0
DA:44,1
DA:45,2
DA:46,2
DA:49,2
DA:51,0
DA:52,0
DA:57,1
DA:60,1
DA:61,1
DA:62,1
DA:64,1
LF:29
LH:23
BRDA:30,0,0,2
BRDA:30,0,1,2
BRF:2
BRH:2
end_of_record
TN:
SF:routes/api/user.js
FN:13,(anonymous_0)
FN:34,(anonymous_1)
FNF:2
FNH:2
FNDA:2,(anonymous_0)
FNDA:2,(anonymous_1)
DA:4,1
DA:5,1
DA:6,1
DA:7,1
DA:13,1
DA:14,2
DA:15,2
DA:19,2
DA:20,0
DA:23,2
DA:25,0
DA:26,0
DA:34,1
DA:35,2
DA:36,2
DA:39,2
DA:41,2
DA:42,0
DA:46,2
DA:53,2
DA:59,2
DA:63,2
DA:65,0
DA:66,0
DA:71,1
DA:74,1
DA:75,1
DA:77,1
LF:28
LH:22
BRDA:19,0,0,0
BRDA:19,0,1,2
BRDA:41,1,0,0
BRDA:41,1,1,2
BRDA:47,2,0,2
BRDA:47,2,1,0
BRDA:48,3,0,2
BRDA:48,3,1,2
BRDA:49,4,0,2
BRDA:49,4,1,2
BRF:10
BRH:7
end_of_record
TN:
SF:routes/bcr/create.js
FN:14,(anonymous_0)
FN:25,(anonymous_1)
FNF:2
FNH:2
FNDA:1,(anonymous_0)
FNDA:1,(anonymous_1)
DA:4,1
DA:5,1
DA:6,1
DA:7,1
DA:8,1
DA:14,1
DA:15,1
DA:25,1
DA:26,1
DA:27,1
DA:30,1
DA:31,0
DA:40,1
DA:51,1
DA:53,0
DA:54,0
DA:64,1
DA:67,1
DA:68,1
DA:70,1
LF:20
LH:17
BRDA:30,0,0,0
BRDA:30,0,1,1
BRDA:30,1,0,1
BRDA:30,1,1,1
BRDA:30,1,2,1
BRDA:45,2,0,1
BRDA:45,2,1,0
BRF:7
BRH:5
end_of_record
TN:
SF:routes/bcr/dashboard.js
FN:13,(anonymous_0)
FNF:1
FNH:1
FNDA:1,(anonymous_0)
DA:4,1
DA:5,1
DA:6,1
DA:7,1
DA:13,1
DA:14,1
DA:16,1
DA:21,1
DA:30,1
DA:36,1
DA:44,0
DA:45,0
DA:54,1
DA:57,1
DA:59,1
LF:15
LH:13
BRF:0
BRH:0
end_of_record
TN:
SF:routes/bcr/index.js
FN:12,(anonymous_0)
FN:20,(anonymous_1)
FN:21,(anonymous_2)
FN:24,(anonymous_3)
FN:50,(anonymous_4)
FN:54,(anonymous_5)
FN:68,generateBcrId
FN:74,(anonymous_7)
FN:82,(anonymous_8)
FN:108,(anonymous_9)
FN:109,(anonymous_10)
FN:117,(anonymous_11)
FN:118,(anonymous_12)
FN:142,(anonymous_13)
FN:166,(anonymous_14)
FN:213,(anonymous_15)
FN:218,(anonymous_16)
FN:263,(anonymous_17)
FN:309,(anonymous_18)
FN:374,(anonymous_19)
FN:416,(anonymous_20)
FN:440,(anonymous_21)
FN:464,(anonymous_22)
FN:491,(anonymous_23)
FN:492,(anonymous_24)
FN:507,(anonymous_25)
FN:570,(anonymous_26)
FN:576,(anonymous_27)
FN:622,(anonymous_28)
FN:627,(anonymous_29)
FN:643,(anonymous_30)
FN:651,(anonymous_31)
FN:670,(anonymous_32)
FN:679,(anonymous_33)
FN:701,(anonymous_34)
FN:779,(anonymous_35)
FN:784,(anonymous_36)
FN:808,(anonymous_37)
FN:813,(anonymous_38)
FN:845,(anonymous_39)
FN:871,(anonymous_40)
FN:878,(anonymous_41)
FN:892,(anonymous_42)
FN:907,(anonymous_43)
FN:911,(anonymous_44)
FN:915,(anonymous_45)
FN:931,(anonymous_46)
FN:947,(anonymous_47)
FN:955,(anonymous_48)
FN:971,(anonymous_49)
FN:980,(anonymous_50)
FN:1004,(anonymous_51)
FN:1018,(anonymous_52)
FN:1027,(anonymous_53)
FN:1031,(anonymous_54)
FN:1046,(anonymous_55)
FNF:56
FNH:5
FNDA:0,(anonymous_0)
FNDA:0,(anonymous_1)
FNDA:0,(anonymous_2)
FNDA:0,(anonymous_3)
FNDA:0,(anonymous_4)
FNDA:0,(anonymous_5)
FNDA:0,generateBcrId
FNDA:1,(anonymous_7)
FNDA:1,(anonymous_8)
FNDA:1,(anonymous_9)
FNDA:0,(anonymous_10)
FNDA:2,(anonymous_11)
FNDA:2,(anonymous_12)
FNDA:0,(anonymous_13)
FNDA:0,(anonymous_14)
FNDA:0,(anonymous_15)
FNDA:0,(anonymous_16)
FNDA:0,(anonymous_17)
FNDA:0,(anonymous_18)
FNDA:0,(anonymous_19)
FNDA:0,(anonymous_20)
FNDA:0,(anonymous_21)
FNDA:0,(anonymous_22)
FNDA:0,(anonymous_23)
FNDA:0,(anonymous_24)
FNDA:0,(anonymous_25)
FNDA:0,(anonymous_26)
FNDA:0,(anonymous_27)
FNDA:0,(anonymous_28)
FNDA:0,(anonymous_29)
FNDA:0,(anonymous_30)
FNDA:0,(anonymous_31)
FNDA:0,(anonymous_32)
FNDA:0,(anonymous_33)
FNDA:0,(anonymous_34)
FNDA:0,(anonymous_35)
FNDA:0,(anonymous_36)
FNDA:0,(anonymous_37)
FNDA:0,(anonymous_38)
FNDA:0,(anonymous_39)
FNDA:0,(anonymous_40)
FNDA:0,(anonymous_41)
FNDA:0,(anonymous_42)
FNDA:0,(anonymous_43)
FNDA:0,(anonymous_44)
FNDA:0,(anonymous_45)
FNDA:0,(anonymous_46)
FNDA:0,(anonymous_47)
FNDA:0,(anonymous_48)
FNDA:0,(anonymous_49)
FNDA:0,(anonymous_50)
FNDA:0,(anonymous_51)
FNDA:0,(anonymous_52)
FNDA:0,(anonymous_53)
FNDA:0,(anonymous_54)
FNDA:0,(anonymous_55)
DA:1,1
DA:2,1
DA:3,1
DA:6,1
DA:7,1
DA:12,1
DA:14,0
DA:15,0
DA:19,0
DA:20,0
DA:21,0
DA:24,0
DA:26,0
DA:29,0
DA:31,0
DA:34,0
DA:35,0
DA:41,0
DA:50,1
DA:51,0
DA:53,0
DA:54,0
DA:56,0
DA:57,0
DA:60,0
DA:62,0
DA:63,0
DA:70,0
DA:74,1
DA:75,1
DA:82,1
DA:83,1
DA:85,1
DA:86,1
DA:87,1
DA:88,1
DA:89,1
DA:92,1
DA:101,1
DA:102,1
DA:105,1
DA:106,1
DA:108,1
DA:109,0
DA:113,1
DA:117,2
DA:118,2
DA:131,0
DA:132,0
DA:142,1
DA:143,0
DA:145,0
DA:146,0
DA:148,0
DA:155,0
DA:156,0
DA:166,1
DA:167,0
DA:169,0
DA:170,0
DA:171,0
DA:175,0
DA:178,0
DA:198,0
DA:201,0
DA:203,0
DA:204,0
DA:213,1
DA:214,0
DA:218,1
DA:219,0
DA:220,0
DA:223,0
DA:225,0
DA:226,0
DA:235,0
DA:237,0
DA:252,0
DA:253,0
DA:263,1
DA:264,0
DA:265,0
DA:268,0
DA:270,0
DA:271,0
DA:280,0
DA:281,0
DA:284,0
DA:289,0
DA:298,0
DA:299,0
DA:309,1
DA:310,0
DA:311,0
DA:312,0
DA:315,0
DA:317,0
DA:318,0
DA:322,0
DA:323,0
DA:331,0
DA:334,0
DA:337,0
DA:340,0
DA:341,0
DA:345,0
DA:347,0
DA:348,0
DA:349,0
DA:354,0
DA:355,0
DA:358,0
DA:359,0
DA:363,0
DA:366,0
DA:368,0
DA:369,0
DA:374,1
DA:375,0
DA:376,0
DA:379,0
DA:381,0
DA:382,0
DA:391,0
DA:392,0
DA:393,0
DA:395,0
DA:405,0
DA:406,0
DA:416,1
DA:417,0
DA:419,0
DA:420,0
DA:422,0
DA:429,0
DA:430,0
DA:440,1
DA:441,0
DA:443,0
DA:444,0
DA:446,0
DA:453,0
DA:454,0
DA:464,1
DA:465,0
DA:466,0
DA:469,0
DA:476,0
DA:477,0
DA:485,0
DA:486,0
DA:488,0
DA:491,0
DA:492,0
DA:496,0
DA:497,0
DA:507,1
DA:508,0
DA:509,0
DA:512,0
DA:514,0
DA:515,0
DA:523,0
DA:524,0
DA:525,0
DA:529,0
DA:532,0
DA:535,0
DA:536,0
DA:537,0
DA:540,0
DA:541,0
DA:542,0
DA:543,0
DA:545,0
DA:547,0
DA:548,0
DA:550,0
DA:555,0
DA:558,0
DA:560,0
DA:561,0
DA:570,1
DA:571,0
DA:572,0
DA:573,0
DA:574,0
DA:576,0
DA:577,0
DA:578,0
DA:584,0
DA:587,0
DA:588,0
DA:591,0
DA:592,0
DA:595,0
DA:603,0
DA:605,0
DA:607,0
DA:613,0
DA:614,0
DA:622,1
DA:623,0
DA:624,0
DA:625,0
DA:627,0
DA:629,0
DA:630,0
DA:636,0
DA:643,1
DA:644,0
DA:645,0
DA:646,0
DA:648,0
DA:649,0
DA:651,0
DA:652,0
DA:653,0
DA:659,0
DA:662,0
DA:663,0
DA:670,0
DA:671,0
DA:672,0
DA:679,0
DA:680,0
DA:681,0
DA:688,0
DA:689,0
DA:690,0
DA:691,0
DA:694,0
DA:695,0
DA:699,0
DA:701,0
DA:703,0
DA:704,0
DA:707,0
DA:709,0
DA:712,0
DA:713,0
DA:720,0
DA:724,0
DA:725,0
DA:727,0
DA:735,0
DA:738,0
DA:747,0
DA:756,0
DA:757,0
DA:761,0
DA:764,0
DA:765,0
DA:768,0
DA:775,0
DA:779,1
DA:780,0
DA:781,0
DA:783,0
DA:784,0
DA:786,0
DA:787,0
DA:794,0
DA:795,0
DA:796,0
DA:798,0
DA:808,1
DA:809,0
DA:810,0
DA:811,0
DA:813,0
DA:814,0
DA:815,0
DA:818,0
DA:821,0
DA:824,0
DA:825,0
DA:829,0
DA:831,0
DA:832,0
DA:836,0
DA:837,0
DA:840,0
DA:841,0
DA:845,0
DA:846,0
DA:847,0
DA:852,0
DA:853,0
DA:856,0
DA:864,0
DA:867,0
DA:871,1
DA:872,0
DA:873,0
DA:876,0
DA:878,0
DA:879,0
DA:883,0
DA:884,0
DA:886,0
DA:892,1
DA:893,0
DA:894,0
DA:896,0
DA:897,0
DA:900,0
DA:901,0
DA:904,0
DA:906,0
DA:907,0
DA:910,0
DA:911,0
DA:915,0
DA:917,0
DA:931,1
DA:932,0
DA:933,0
DA:935,0
DA:936,0
DA:938,0
DA:947,1
DA:948,0
DA:949,0
DA:950,0
DA:952,0
DA:953,0
DA:955,0
DA:957,0
DA:958,0
DA:961,0
DA:971,1
DA:972,0
DA:973,0
DA:974,0
DA:975,0
DA:977,0
DA:980,0
DA:981,0
DA:983,0
DA:993,0
DA:995,0
DA:998,0
DA:1002,0
DA:1004,0
DA:1005,0
DA:1008,0
DA:1010,0
DA:1018,1
DA:1019,0
DA:1020,0
DA:1021,0
DA:1023,0
DA:1024,0
DA:1027,0
DA:1028,0
DA:1031,0
DA:1034,0
DA:1036,0
DA:1038,0
DA:1046,1
DA:1047,0
DA:1049,0
DA:1050,0
DA:1053,0
DA:1061,1
LF:366
LH:49
BRDA:14,0,0,0
BRDA:14,0,1,0
BRDA:26,1,0,0
BRDA:26,1,1,0
BRDA:29,2,0,0
BRDA:29,2,1,0
BRDA:34,3,0,0
BRDA:34,3,1,0
BRDA:34,4,0,0
BRDA:34,4,1,0
BRDA:56,5,0,0
BRDA:56,5,1,0
BRDA:85,6,0,1
BRDA:85,6,1,1
BRDA:86,7,0,1
BRDA:86,7,1,1
BRDA:87,8,0,1
BRDA:87,8,1,1
BRDA:88,9,0,1
BRDA:88,9,1,1
BRDA:89,10,0,1
BRDA:89,10,1,1
BRDA:170,11,0,0
BRDA:170,11,1,0
BRDA:171,12,0,0
BRDA:171,12,1,0
BRDA:182,13,0,0
BRDA:182,13,1,0
BRDA:186,14,0,0
BRDA:186,14,1,0
BRDA:188,15,0,0
BRDA:188,15,1,0
BRDA:190,16,0,0
BRDA:190,16,1,0
BRDA:192,17,0,0
BRDA:192,17,1,0
BRDA:194,18,0,0
BRDA:194,18,1,0
BRDA:225,19,0,0
BRDA:225,19,1,0
BRDA:270,20,0,0
BRDA:270,20,1,0
BRDA:290,21,0,0
BRDA:290,21,1,0
BRDA:317,22,0,0
BRDA:317,22,1,0
BRDA:322,23,0,0
BRDA:322,23,1,0
BRDA:340,24,0,0
BRDA:340,24,1,0
BRDA:345,25,0,0
BRDA:345,25,1,0
BRDA:348,26,0,0
BRDA:348,26,1,0
BRDA:354,27,0,0
BRDA:354,27,1,0
BRDA:358,28,0,0
BRDA:358,28,1,0
BRDA:381,29,0,0
BRDA:381,29,1,0
BRDA:391,30,0,0
BRDA:391,30,1,0
BRDA:392,31,0,0
BRDA:392,31,1,0
BRDA:393,32,0,0
BRDA:393,32,1,0
BRDA:476,33,0,0
BRDA:476,33,1,0
BRDA:514,34,0,0
BRDA:514,34,1,0
BRDA:524,35,0,0
BRDA:524,35,1,0
BRDA:525,36,0,0
BRDA:525,36,1,0
BRDA:532,37,0,0
BRDA:532,37,1,0
BRDA:537,38,0,0
BRDA:537,38,1,0
BRDA:541,39,0,0
BRDA:541,39,1,0
BRDA:542,40,0,0
BRDA:542,40,1,0
BRDA:543,41,0,0
BRDA:543,41,1,0
BRDA:545,42,0,0
BRDA:545,42,1,0
BRDA:547,43,0,0
BRDA:547,43,1,0
BRDA:574,44,0,0
BRDA:574,44,1,0
BRDA:577,45,0,0
BRDA:577,45,1,0
BRDA:591,46,0,0
BRDA:591,46,1,0
BRDA:598,47,0,0
BRDA:598,47,1,0
BRDA:599,48,0,0
BRDA:599,48,1,0
BRDA:603,49,0,0
BRDA:603,49,1,0
BRDA:625,50,0,0
BRDA:625,50,1,0
BRDA:629,51,0,0
BRDA:629,51,1,0
BRDA:648,52,0,0
BRDA:648,52,1,0
BRDA:649,53,0,0
BRDA:649,53,1,0
BRDA:652,54,0,0
BRDA:652,54,1,0
BRDA:662,55,0,0
BRDA:662,55,1,0
BRDA:662,56,0,0
BRDA:662,56,1,0
BRDA:671,57,0,0
BRDA:671,57,1,0
BRDA:680,58,0,0
BRDA:680,58,1,0
BRDA:694,59,0,0
BRDA:694,59,1,0
BRDA:699,60,0,0
BRDA:699,60,1,0
BRDA:703,61,0,0
BRDA:703,61,1,0
BRDA:703,62,0,0
BRDA:703,62,1,0
BRDA:704,63,0,0
BRDA:704,63,1,0
BRDA:707,64,0,0
BRDA:707,64,1,0
BRDA:712,65,0,0
BRDA:712,65,1,0
BRDA:712,66,0,0
BRDA:712,66,1,0
BRDA:724,67,0,0
BRDA:724,67,1,0
BRDA:730,68,0,0
BRDA:730,68,1,0
BRDA:741,69,0,0
BRDA:741,69,1,0
BRDA:750,70,0,0
BRDA:750,70,1,0
BRDA:756,71,0,0
BRDA:756,71,1,0
BRDA:756,72,0,0
BRDA:756,72,1,0
BRDA:764,73,0,0
BRDA:764,73,1,0
BRDA:783,74,0,0
BRDA:783,74,1,0
BRDA:786,75,0,0
BRDA:786,75,1,0
BRDA:794,76,0,0
BRDA:794,76,1,0
BRDA:795,77,0,0
BRDA:795,77,1,0
BRDA:796,78,0,0
BRDA:796,78,1,0
BRDA:811,79,0,0
BRDA:811,79,1,0
BRDA:814,80,0,0
BRDA:814,80,1,0
BRDA:821,81,0,0
BRDA:821,81,1,0
BRDA:824,82,0,0
BRDA:824,82,1,0
BRDA:829,83,0,0
BRDA:829,83,1,0
BRDA:829,84,0,0
BRDA:829,84,1,0
BRDA:836,85,0,0
BRDA:836,85,1,0
BRDA:837,86,0,0
BRDA:837,86,1,0
BRDA:840,87,0,0
BRDA:840,87,1,0
BRDA:846,88,0,0
BRDA:846,88,1,0
BRDA:852,89,0,0
BRDA:852,89,1,0
BRDA:873,90,0,0
BRDA:873,90,1,0
BRDA:896,91,0,0
BRDA:896,91,1,0
BRDA:897,92,0,0
BRDA:897,92,1,0
BRDA:900,93,0,0
BRDA:900,93,1,0
BRDA:901,94,0,0
BRDA:901,94,1,0
BRDA:906,95,0,0
BRDA:906,95,1,0
BRDA:910,96,0,0
BRDA:910,96,1,0
BRDA:935,97,0,0
BRDA:935,97,1,0
BRDA:936,98,0,0
BRDA:936,98,1,0
BRDA:952,99,0,0
BRDA:952,99,1,0
BRDA:953,100,0,0
BRDA:953,100,1,0
BRDA:957,101,0,0
BRDA:957,101,1,0
BRDA:974,102,0,0
BRDA:974,102,1,0
BRDA:975,103,0,0
BRDA:975,103,1,0
BRDA:993,104,0,0
BRDA:993,104,1,0
BRDA:1002,105,0,0
BRDA:1002,105,1,0
BRDA:1005,106,0,0
BRDA:1005,106,1,0
BRDA:1008,107,0,0
BRDA:1008,107,1,0
BRDA:1023,108,0,0
BRDA:1023,108,1,0
BRDA:1024,109,0,0
BRDA:1024,109,1,0
BRDA:1028,110,0,0
BRDA:1028,110,1,0
BRDA:1034,111,0,0
BRDA:1034,111,1,0
BRDA:1049,112,0,0
BRDA:1049,112,1,0
BRDA:1049,113,0,0
BRDA:1049,113,1,0
BRDA:1056,114,0,0
BRDA:1056,114,1,0
BRF:230
BRH:10
end_of_record
TN:
SF:routes/bcr/update.js
FN:13,(anonymous_0)
FNF:1
FNH:1
FNDA:1,(anonymous_0)
DA:4,1
DA:5,1
DA:6,1
DA:7,1
DA:13,1
DA:14,1
DA:15,1
DA:16,1
DA:19,1
DA:20,1
DA:21,0
DA:25,1
DA:27,1
DA:28,0
DA:32,1
DA:42,1
DA:44,0
DA:47,1
DA:50,0
DA:52,0
DA:54,0
DA:57,0
DA:67,1
DA:70,1
DA:72,1
LF:25
LH:18
BRDA:20,0,0,0
BRDA:20,0,1,1
BRDA:20,1,0,1
BRDA:20,1,1,1
BRDA:27,2,0,0
BRDA:27,2,1,1
BRDA:35,3,0,1
BRDA:35,3,1,0
BRDA:42,4,0,0
BRDA:42,4,1,1
BRDA:52,5,0,0
BRDA:52,5,1,0
BRF:12
BRH:6
end_of_record
TN:
SF:routes/bcr/view.js
FN:14,(anonymous_0)
FNF:1
FNH:1
FNDA:1,(anonymous_0)
DA:4,1
DA:5,1
DA:6,1
DA:7,1
DA:8,1
DA:14,1
DA:15,1
DA:16,1
DA:19,1
DA:21,0
DA:22,0
DA:30,0
DA:31,0
DA:32,0
DA:33,0
DA:36,0
DA:45,0
DA:52,0
DA:64,1
DA:65,1
DA:74,1
DA:77,1
DA:79,1
LF:23
LH:14
BRDA:21,0,0,0
BRDA:21,0,1,0
BRF:2
BRH:0
end_of_record
TN:
SF:routes/funding/dashboard.js
FN:12,(anonymous_0)
FNF:1
FNH:1
FNDA:2,(anonymous_0)
DA:4,1
DA:5,1
DA:6,1
DA:12,1
DA:14,2
DA:22,2
DA:30,1
DA:33,1
DA:35,1
LF:9
LH:9
BRF:0
BRH:0
end_of_record
TN:
SF:routes/funding/reports.js
FN:14,(anonymous_0)
FN:34,(anonymous_1)
FN:36,(anonymous_2)
FN:37,(anonymous_3)
FN:38,(anonymous_4)
FN:60,(anonymous_5)
FN:84,(anonymous_6)
FN:85,(anonymous_7)
FN:90,(anonymous_8)
FN:91,(anonymous_9)
FN:104,(anonymous_10)
FN:105,(anonymous_11)
FNF:12
FNH:1
FNDA:1,(anonymous_0)
FNDA:0,(anonymous_1)
FNDA:0,(anonymous_2)
FNDA:0,(anonymous_3)
FNDA:0,(anonymous_4)
FNDA:0,(anonymous_5)
FNDA:0,(anonymous_6)
FNDA:0,(anonymous_7)
FNDA:0,(anonymous_8)
FNDA:0,(anonymous_9)
FNDA:0,(anonymous_10)
FNDA:0,(anonymous_11)
DA:4,1
DA:5,1
DA:6,1
DA:7,1
DA:8,1
DA:14,1
DA:15,1
DA:17,1
DA:18,1
DA:20,1
DA:21,1
DA:23,1
DA:24,1
DA:25,1
DA:28,1
DA:29,1
DA:30,1
DA:34,1
DA:35,0
DA:36,0
DA:37,0
DA:38,0
DA:40,0
DA:47,1
DA:48,1
DA:60,1
DA:61,0
DA:62,0
DA:65,0
DA:66,0
DA:68,0
DA:69,0
DA:70,0
DA:72,0
DA:73,0
DA:74,0
DA:77,0
DA:78,0
DA:79,0
DA:83,0
DA:84,0
DA:85,0
DA:88,0
DA:89,0
DA:90,0
DA:91,0
DA:95,0
DA:97,0
DA:98,0
DA:100,0
DA:101,0
DA:104,0
DA:105,0
DA:106,0
DA:109,0
DA:117,0
DA:119,0
DA:123,0
DA:131,0
DA:141,0
DA:142,0
DA:151,1
DA:154,1
DA:155,1
DA:157,1
LF:65
LH:25
BRDA:23,0,0,1
BRDA:23,0,1,0
BRDA:28,1,0,1
BRDA:28,1,1,0
BRDA:72,2,0,0
BRDA:72,2,1,0
BRDA:77,3,0,0
BRDA:77,3,1,0
BRDA:83,4,0,0
BRDA:83,4,1,0
BRDA:83,5,0,0
BRDA:83,5,1,0
BRDA:88,6,0,0
BRDA:88,6,1,0
BRDA:88,7,0,0
BRDA:88,7,1,0
BRDA:95,8,0,0
BRDA:95,8,1,0
BRDA:95,8,2,0
BRDA:95,8,3,0
BRDA:106,9,0,0
BRDA:106,9,1,0
BRDA:113,10,0,0
BRDA:113,10,1,0
BRDA:114,11,0,0
BRDA:114,11,1,0
BRDA:135,12,0,0
BRDA:135,12,1,0
BRDA:136,13,0,0
BRDA:136,13,1,0
BRF:30
BRH:2
end_of_record
TN:
SF:routes/home/index.js
FN:5,(anonymous_0)
FNF:1
FNH:1
FNDA:2,(anonymous_0)
DA:1,1
DA:2,1
DA:5,1
DA:7,2
DA:13,1
LF:5
LH:5
BRF:0
BRH:0
end_of_record
TN:
SF:routes/ref-data/index.js
FN:21,(anonymous_0)
FNF:1
FNH:0
FNDA:0,(anonymous_0)
DA:1,1
DA:2,1
DA:5,1
DA:6,1
DA:7,1
DA:8,1
DA:9,1
DA:10,1
DA:13,1
DA:14,1
DA:15,1
DA:16,1
DA:17,1
DA:18,1
DA:21,1
DA:22,0
DA:25,1
LF:17
LH:16
BRF:0
BRH:0
end_of_record
TN:
SF:services/bcrConfigService.js
FN:14,(anonymous_0)
FN:28,(anonymous_1)
FN:41,(anonymous_2)
FN:63,(anonymous_3)
FN:84,(anonymous_4)
FN:96,(anonymous_5)
FNF:6
FNH:1
FNDA:2,(anonymous_0)
FNDA:0,(anonymous_1)
FNDA:0,(anonymous_2)
FNDA:0,(anonymous_3)
FNDA:0,(anonymous_4)
FNDA:0,(anonymous_5)
DA:5,2
DA:6,2
DA:7,2
DA:14,2
DA:15,2
DA:20,2
DA:28,2
DA:29,0
DA:33,0
DA:41,2
DA:42,0
DA:54,0
DA:63,2
DA:64,0
DA:76,0
DA:84,2
DA:85,0
DA:89,0
DA:96,2
DA:97,0
DA:98,0
DA:101,0
DA:103,0
DA:104,0
DA:105,0
DA:106,0
DA:108,0
DA:111,0
DA:117,2
LF:29
LH:12
BRDA:48,0,0,0
BRDA:48,0,1,0
BRDA:50,1,0,0
BRDA:50,1,1,0
BRDA:105,2,0,0
BRDA:105,2,1,0
BRF:6
BRH:0
end_of_record
TN:
SF:services/bcrService.js
FN:16,(anonymous_0)
FN:63,(anonymous_1)
FN:77,(anonymous_2)
FN:110,(anonymous_3)
FN:139,(anonymous_4)
FN:163,(anonymous_5)
FN:175,(anonymous_6)
FNF:7
FNH:1
FNDA:0,(anonymous_0)
FNDA:0,(anonymous_1)
FNDA:1,(anonymous_2)
FNDA:0,(anonymous_3)
FNDA:0,(anonymous_4)
FNDA:0,(anonymous_5)
FNDA:0,(anonymous_6)
DA:5,2
DA:6,2
DA:9,2
DA:16,2
DA:17,0
DA:20,0
DA:21,0
DA:25,0
DA:26,0
DA:32,0
DA:33,0
DA:39,0
DA:40,0
DA:41,0
DA:43,0
DA:50,0
DA:62,0
DA:63,0
DA:64,0
DA:69,0
DA:77,2
DA:79,1
DA:90,0
DA:91,0
DA:102,0
DA:110,2
DA:111,0
DA:113,0
DA:130,0
DA:139,2
DA:140,0
DA:155,0
DA:163,2
DA:164,0
DA:168,0
DA:175,2
DA:176,0
DA:179,0
DA:190,0
DA:191,0
DA:193,0
DA:194,0
DA:195,0
DA:199,0
DA:202,2
LF:45
LH:11
BRDA:16,0,0,0
BRDA:20,1,0,0
BRDA:20,1,1,0
BRDA:20,2,0,0
BRDA:20,2,1,0
BRDA:25,3,0,0
BRDA:25,3,1,0
BRDA:25,4,0,0
BRDA:25,4,1,0
BRDA:32,5,0,0
BRDA:32,5,1,0
BRDA:39,6,0,0
BRDA:39,6,1,0
BRDA:62,7,0,0
BRDA:62,7,1,0
BRDA:62,8,0,0
BRDA:62,8,1,0
BRDA:64,9,0,0
BRDA:64,9,1,0
BRDA:90,10,0,0
BRDA:90,10,1,0
BRDA:119,11,0,0
BRDA:119,11,1,0
BRDA:120,12,0,0
BRDA:120,12,1,0
BRDA:191,13,0,0
BRDA:191,13,1,0
BRDA:191,14,0,0
BRDA:191,14,1,0
BRF:29
BRH:0
end_of_record
TN:
SF:services/fundingService.js
FN:14,(anonymous_0)
FN:45,(anonymous_1)
FN:62,(anonymous_2)
FN:84,(anonymous_3)
FN:104,(anonymous_4)
FN:117,(anonymous_5)
FN:146,(anonymous_6)
FN:162,(anonymous_7)
FN:183,(anonymous_8)
FNF:9
FNH:7
FNDA:3,(anonymous_0)
FNDA:1,(anonymous_1)
FNDA:1,(anonymous_2)
FNDA:1,(anonymous_3)
FNDA:1,(anonymous_4)
FNDA:3,(anonymous_5)
FNDA:0,(anonymous_6)
FNDA:1,(anonymous_7)
FNDA:0,(anonymous_8)
DA:5,2
DA:6,2
DA:7,2
DA:14,2
DA:15,3
DA:17,3
DA:18,1
DA:21,3
DA:22,0
DA:25,3
DA:37,3
DA:45,2
DA:46,1
DA:54,1
DA:62,2
DA:63,1
DA:75,1
DA:84,2
DA:85,1
DA:96,1
DA:104,2
DA:105,1
DA:109,1
DA:117,2
DA:118,3
DA:120,3
DA:121,0
DA:124,3
DA:125,0
DA:128,3
DA:138,3
DA:146,2
DA:147,0
DA:154,0
DA:162,2
DA:163,1
DA:175,1
DA:183,2
DA:184,0
DA:188,0
DA:191,2
LF:41
LH:34
BRDA:14,0,0,1
BRDA:17,1,0,1
BRDA:17,1,1,2
BRDA:17,2,0,3
BRDA:17,2,1,1
BRDA:21,3,0,0
BRDA:21,3,1,3
BRDA:21,4,0,3
BRDA:21,4,1,0
BRDA:117,5,0,1
BRDA:120,6,0,0
BRDA:120,6,1,3
BRDA:120,7,0,3
BRDA:120,7,1,0
BRDA:124,8,0,0
BRDA:124,8,1,3
BRDA:124,9,0,3
BRDA:124,9,1,0
BRF:18
BRH:12
end_of_record
TN:
SF:tests/mocks/passport.js
FN:5,(anonymous_0)
FN:5,(anonymous_1)
FN:6,(anonymous_2)
FN:6,(anonymous_3)
FNF:4
FNH:4
FNDA:1,(anonymous_0)
FNDA:7,(anonymous_1)
FNDA:1,(anonymous_2)
FNDA:7,(anonymous_3)
DA:1,1
DA:2,1
DA:4,1
DA:5,7
DA:6,7
LF:5
LH:5
BRF:0
BRH:0
end_of_record
TN:
SF:utils/db-user-utils.js
FN:10,(anonymous_0)
FN:22,(anonymous_1)
FN:38,(anonymous_2)
FN:48,(anonymous_3)
FN:76,(anonymous_4)
FN:90,(anonymous_5)
FN:119,(anonymous_6)
FN:136,(anonymous_7)
FN:152,(anonymous_8)
FN:168,(anonymous_9)
FN:173,(anonymous_10)
FNF:11
FNH:11
FNDA:2,(anonymous_0)
FNDA:16,(anonymous_1)
FNDA:19,(anonymous_2)
FNDA:5,(anonymous_3)
FNDA:2,(anonymous_4)
FNDA:6,(anonymous_5)
FNDA:3,(anonymous_6)
FNDA:4,(anonymous_7)
FNDA:3,(anonymous_8)
FNDA:2,(anonymous_9)
FNDA:4,(anonymous_10)
DA:5,1
DA:6,1
DA:7,1
DA:10,1
DA:11,2
DA:12,2
DA:16,1
DA:17,1
DA:22,1
DA:23,16
DA:24,16
DA:32,1
DA:33,1
DA:38,1
DA:39,19
DA:40,19
DA:42,1
DA:43,1
DA:48,1
DA:49,5
DA:51,5
DA:52,5
DA:53,1
DA:57,4
DA:66,3
DA:67,3
DA:68,3
DA:70,2
DA:71,2
DA:76,1
DA:77,2
DA:78,2
DA:82,1
DA:84,1
DA:85,1
DA:90,1
DA:91,6
DA:92,6
DA:93,6
DA:94,1
DA:98,5
DA:99,2
DA:100,2
DA:101,1
DA:106,4
DA:109,3
DA:110,3
DA:111,3
DA:113,3
DA:114,3
DA:119,1
DA:120,3
DA:121,3
DA:122,3
DA:123,1
DA:127,2
DA:128,1
DA:130,2
DA:131,2
DA:136,1
DA:137,4
DA:138,4
DA:139,4
DA:140,1
DA:143,3
DA:144,2
DA:146,2
DA:147,2
DA:152,1
DA:153,3
DA:154,3
DA:155,3
DA:156,1
DA:159,2
DA:160,1
DA:162,2
DA:163,2
DA:168,1
DA:169,2
DA:173,1
DA:174,4
DA:175,4
DA:177,6
DA:178,6
DA:180,5
DA:181,5
DA:183,5
DA:186,5
DA:200,3
DA:202,1
DA:203,1
DA:207,1
LF:92
LH:92
BRDA:52,0,0,1
BRDA:52,0,1,4
BRDA:60,1,0,4
BRDA:60,1,1,1
BRDA:61,2,0,4
BRDA:61,2,1,1
BRDA:93,3,0,1
BRDA:93,3,1,5
BRDA:98,4,0,2
BRDA:98,4,1,3
BRDA:98,5,0,5
BRDA:98,5,1,3
BRDA:100,6,0,1
BRDA:100,6,1,1
BRDA:100,7,0,2
BRDA:100,7,1,1
BRDA:122,8,0,1
BRDA:122,8,1,2
BRDA:139,9,0,1
BRDA:139,9,1,3
BRDA:155,10,0,1
BRDA:155,10,1,2
BRDA:178,11,0,5
BRDA:178,11,1,1
BRDA:193,12,0,2
BRDA:193,12,1,3
BRDA:194,13,0,4
BRDA:194,13,1,1
BRF:28
BRH:28
end_of_record
TN:
SF:utils/user-utils.js
FN:11,(anonymous_0)
FN:23,(anonymous_1)
FN:39,(anonymous_2)
FN:53,(anonymous_3)
FN:88,(anonymous_4)
FN:102,(anonymous_5)
FN:130,(anonymous_6)
FN:152,(anonymous_7)
FN:167,(anonymous_8)
FNF:9
FNH:9
FNDA:2,(anonymous_0)
FNDA:15,(anonymous_1)
FNDA:3,(anonymous_2)
FNDA:10,(anonymous_3)
FNDA:2,(anonymous_4)
FNDA:4,(anonymous_5)
FNDA:2,(anonymous_6)
FNDA:2,(anonymous_7)
FNDA:2,(anonymous_8)
DA:5,3
DA:6,3
DA:11,3
DA:12,2
DA:14,2
DA:15,1
DA:17,1
DA:18,1
DA:23,3
DA:24,15
DA:26,15
DA:31,14
DA:33,1
DA:34,1
DA:39,3
DA:40,3
DA:42,3
DA:45,2
DA:47,1
DA:48,1
DA:53,3
DA:54,10
DA:58,10
DA:59,10
DA:60,2
DA:64,8
DA:65,8
DA:68,8
DA:79,6
DA:80,6
DA:82,4
DA:83,4
DA:88,3
DA:89,2
DA:92,2
DA:97,1
DA:102,3
DA:103,4
DA:107,4
DA:108,2
DA:109,2
DA:110,1
DA:115,3
DA:121,2
DA:122,2
DA:124,2
DA:125,2
DA:130,3
DA:131,2
DA:135,2
DA:136,2
DA:139,2
DA:144,1
DA:146,1
DA:147,1
DA:152,3
DA:153,2
DA:156,2
DA:159,1
DA:161,1
DA:162,1
DA:167,3
DA:168,2
DA:171,3
LF:64
LH:64
BRDA:59,0,0,2
BRDA:59,0,1,8
BRDA:72,1,0,8
BRDA:72,1,1,4
BRDA:73,2,0,8
BRDA:73,2,1,4
BRDA:107,3,0,2
BRDA:107,3,1,2
BRDA:109,4,0,1
BRDA:109,4,1,1
BRDA:109,5,0,2
BRDA:109,5,1,2
BRF:12
BRH:12
end_of_record
