TN:
SF:utils/user-utils.js
FN:11,(anonymous_0)
FN:23,(anonymous_1)
FN:39,(anonymous_2)
FN:53,(anonymous_3)
FN:88,(anonymous_4)
FN:102,(anonymous_5)
FN:130,(anonymous_6)
FN:152,(anonymous_7)
FN:167,(anonymous_8)
FNF:9
FNH:9
FNDA:2,(anonymous_0)
FNDA:9,(anonymous_1)
FNDA:3,(anonymous_2)
FNDA:4,(anonymous_3)
FNDA:2,(anonymous_4)
FNDA:4,(anonymous_5)
FNDA:2,(anonymous_6)
FNDA:2,(anonymous_7)
FNDA:2,(anonymous_8)
DA:5,1
DA:6,1
DA:11,1
DA:12,2
DA:14,2
DA:15,1
DA:17,1
DA:18,1
DA:23,1
DA:24,9
DA:26,9
DA:31,8
DA:33,1
DA:34,1
DA:39,1
DA:40,3
DA:42,3
DA:45,2
DA:47,1
DA:48,1
DA:53,1
DA:54,4
DA:58,4
DA:59,4
DA:60,1
DA:64,3
DA:65,3
DA:68,3
DA:79,2
DA:80,2
DA:82,2
DA:83,2
DA:88,1
DA:89,2
DA:92,2
DA:97,1
DA:102,1
DA:103,4
DA:107,4
DA:108,2
DA:109,2
DA:110,1
DA:115,3
DA:121,2
DA:122,2
DA:124,2
DA:125,2
DA:130,1
DA:131,2
DA:135,2
DA:136,2
DA:139,2
DA:144,1
DA:146,1
DA:147,1
DA:152,1
DA:153,2
DA:156,2
DA:159,1
DA:161,1
DA:162,1
DA:167,1
DA:168,2
DA:171,1
LF:64
LH:64
BRDA:59,0,0,1
BRDA:59,0,1,3
BRDA:72,1,0,3
BRDA:72,1,1,1
BRDA:73,2,0,3
BRDA:73,2,1,0
BRDA:107,3,0,2
BRDA:107,3,1,2
BRDA:109,4,0,1
BRDA:109,4,1,1
BRDA:109,5,0,2
BRDA:109,5,1,2
BRF:12
BRH:11
end_of_record
